<?xml version="1.0" encoding="UTF-8"?>
<!-- Generated by org.testng.reporters.JUnitXMLReporter -->
<testsuite ignored="0" hostname="sandhiya" failures="1" tests="4" name="personal loan" time="0.13" errors="0" timestamp="2024-06-27T11:59:44 IST">
  <testcase classname="testng.day1" name="firstTest" time="0.014"/>
  <testcase classname="testng.day1" name="firstTest" time="0.002"/>
  <testcase classname="testng.day1" name="secondTest" time="0.011">
    <failure type="java.lang.AssertionError" message="expected [true] but found [false]">
      <![CDATA[java.lang.AssertionError: expected [true] but found [false]
at testng.day1.secondTest(day1.java:22)
at java.base/java.util.ArrayList.forEach(ArrayList.java:1597)
... Removed 29 stack frames]]>
    </failure>
  </testcase> <!-- secondTest -->
  <testcase classname="testng.day2" name="third" time="0.002"/>
</testsuite> <!-- personal loan -->
