<?xml version="1.0" encoding="UTF-8"?>
<testng-results ignored="0" total="1" passed="1" failed="0" skipped="0">
  <reporter-output>
  </reporter-output>
  <suite started-at="2024-06-27T14:08:38 IST" name="Suite" finished-at="2024-06-27T14:08:49 IST" duration-ms="11866">
    <groups>
    </groups>
    <test started-at="2024-06-27T14:08:38 IST" name="Test" finished-at="2024-06-27T14:08:49 IST" duration-ms="11866">
      <class name="day.sandy">
        <test-method signature="testng()[pri:0, instance:day.sandy@4ac3c60d]" started-at="2024-06-27T14:08:38 IST" name="testng" finished-at="2024-06-27T14:08:49 IST" duration-ms="11805" status="PASS">
          <reporter-output>
          </reporter-output>
        </test-method> <!-- testng -->
      </class> <!-- day.sandy -->
    </test> <!-- Test -->
  </suite> <!-- Suite -->
</testng-results>
