<?xml version="1.0" encoding="UTF-8"?>
<testng-results ignored="0" total="1" passed="1" failed="0" skipped="0">
  <reporter-output>
  </reporter-output>
  <suite started-at="2024-06-27T14:00:34 IST" name="Suite" finished-at="2024-06-27T14:00:41 IST" duration-ms="7678">
    <groups>
    </groups>
    <test started-at="2024-06-27T14:00:34 IST" name="Test" finished-at="2024-06-27T14:00:41 IST" duration-ms="7678">
      <class name="day.sandy">
        <test-method signature="testng()[pri:0, instance:day.sandy@7c7b252e]" started-at="2024-06-27T14:00:34 IST" name="testng" finished-at="2024-06-27T14:00:41 IST" duration-ms="7572" status="PASS">
          <reporter-output>
          </reporter-output>
        </test-method> <!-- testng -->
      </class> <!-- day.sandy -->
    </test> <!-- Test -->
  </suite> <!-- Suite -->
</testng-results>
